[debug] [2021-01-28T05:57:09.412Z] ----------------------------------------------------------------------
[debug] [2021-01-28T05:57:09.426Z] Command:       C:\Program Files\nodejs\node.exe C:\Users\Usuario\AppData\Roaming\npm\node_modules\firebase-tools\lib\bin\firebase.js init
[debug] [2021-01-28T05:57:09.428Z] CLI Version:   9.2.2
[debug] [2021-01-28T05:57:09.429Z] Platform:      win32
[debug] [2021-01-28T05:57:09.430Z] Node Version:  v14.15.4
[debug] [2021-01-28T05:57:09.434Z] Time:          Wed Jan 27 2021 23:57:09 GMT-0600 (hora estándar central)
[debug] [2021-01-28T05:57:09.435Z] ----------------------------------------------------------------------
[debug] [2021-01-28T05:57:09.436Z] 
[debug] [2021-01-28T05:57:09.466Z] > command requires scopes: ["email","openid","https://www.googleapis.com/auth/cloudplatformprojects.readonly","https://www.googleapis.com/auth/firebase","https://www.googleapis.com/auth/cloud-platform"]
[debug] [2021-01-28T05:57:09.469Z] > authorizing via signed-in user
[info] 
     ######## #### ########  ######## ########     ###     ######  ########
     ##        ##  ##     ## ##       ##     ##  ##   ##  ##       ##
     ######    ##  ########  ######   ########  #########  ######  ######
     ##        ##  ##    ##  ##       ##     ## ##     ##       ## ##
     ##       #### ##     ## ######## ########  ##     ##  ######  ########

You're about to initialize a Firebase project in this directory:

  C:\Proyectos JavaScript 2021\MiApp

Before we get started, keep in mind:

  * You are currently outside your home directory

[info] 
=== Project Setup
[info] 
[info] First, let's associate this project directory with a Firebase project.
[info] You can create multiple project aliases by running firebase use --add, 
[info] but for now we'll just set up a default project.
[info] 
[debug] [2021-01-28T05:57:43.450Z] >>> [apiv2][query] GET https://firebase.googleapis.com/v1beta1/projects pageSize=100
[debug] [2021-01-28T05:57:44.377Z] <<< [apiv2][status] GET https://firebase.googleapis.com/v1beta1/projects 200
[debug] [2021-01-28T05:57:44.379Z] <<< [apiv2][body] GET https://firebase.googleapis.com/v1beta1/projects [omitted]
[info] i  Using project appautenticar-38fb5 (AppAutenticar) 
[info] 
=== Hosting Setup
[info] 
[info] Your public directory is the folder (relative to your project directory) that
[info] will contain Hosting assets to be uploaded with firebase deploy. If you
[info] have a build process for your assets, use your build's output directory.
[info] 
[info] +  Wrote public/404.html 
[debug] [2021-01-28T05:58:31.675Z] >>> [apiv2][query] GET https://www.gstatic.com/firebasejs/releases.json [none]
[debug] [2021-01-28T05:58:31.850Z] <<< [apiv2][status] GET https://www.gstatic.com/firebasejs/releases.json 200
[debug] [2021-01-28T05:58:31.853Z] <<< [apiv2][body] GET https://www.gstatic.com/firebasejs/releases.json {"current":{"version":"8.2.4","browserURL":"https://www.gstatic.com/firebasejs/8.2.4/firebase.js","packageURL":"https://www.gstatic.com/firebasejs/8.2.4/firebase.tgz"},"live":{"version":"8.2","browserURL":"https://www.gstatic.com/firebasejs/live/8.2/firebase.js","packageURL":"https://www.gstatic.com/firebasejs/live/8.2/firebase.tgz"},"components":{"analytics":"https://www.gstatic.com/firebasejs/8.2.4/firebase-analytics.js","app":"https://www.gstatic.com/firebasejs/8.2.4/firebase-app.js","auth":"https://www.gstatic.com/firebasejs/8.2.4/firebase-auth.js","database":"https://www.gstatic.com/firebasejs/8.2.4/firebase-database.js","firestore":"https://www.gstatic.com/firebasejs/8.2.4/firebase-firestore.js","functions":"https://www.gstatic.com/firebasejs/8.2.4/firebase-functions.js","installations":"https://www.gstatic.com/firebasejs/8.2.4/firebase-installations.js","messaging":"https://www.gstatic.com/firebasejs/8.2.4/firebase-messaging.js","storage":"https://www.gstatic.com/firebasejs/8.2.4/firebase-storage.js","performance":"https://www.gstatic.com/firebasejs/8.2.4/firebase-performance.js","remote-config":"https://www.gstatic.com/firebasejs/8.2.4/firebase-remote-config.js","firestore.memory":"https://www.gstatic.com/firebasejs/8.2.4/firebase-firestore.memory.js"}}
[info] +  Wrote public/index.html 
[info] 
[info] i  Didn't detect a .git folder. Assuming C:\Proyectos JavaScript 2021\MiApp is the project root. 
[info] i  Authorizing with GitHub to upload your service account to a GitHub repository's secrets store. 
[info] 
[info] Visit this URL on this device to log in:
[info] https://github.com/login/oauth/authorize?client_id=89cf50f02ac6aaed3484&state=940387683&redirect_uri=http%3A%2F%2Flocalhost%3A9005&scope=read%3Auser%20repo%20public_repo
[info] 
[info] Waiting for authentication...
[debug] [2021-01-28T05:59:06.108Z] >>> HTTP REQUEST POST https://github.com/login/oauth/access_token  
 {"client_id":"89cf50f02ac6aaed3484","client_secret":"3330d14abc895d9a74d5f17cd7a00711fa2c5bf0","code":"3c62f58af48e2187d7ad","redirect_uri":"http://localhost:9005","state":"940387683"}
[debug] [2021-01-28T05:59:06.537Z] <<< HTTP RESPONSE 200 {"server":"GitHub.com","date":"Thu, 28 Jan 2021 05:59:06 GMT","content-type":"application/json; charset=utf-8","transfer-encoding":"chunked","status":"200 OK","vary":"X-PJAX, Accept-Encoding, Accept, X-Requested-With","etag":"W/\"78389eddf3be80c2afc91fabb08cb96d\"","cache-control":"max-age=0, private, must-revalidate","strict-transport-security":"max-age=31536000; includeSubdomains; preload","x-frame-options":"deny","x-content-type-options":"nosniff","x-xss-protection":"1; mode=block","referrer-policy":"origin-when-cross-origin, strict-origin-when-cross-origin","expect-ct":"max-age=2592000, report-uri=\"https://api.github.com/_private/browser/errors\"","content-security-policy":"default-src 'none'; base-uri 'self'; block-all-mixed-content; connect-src 'self' uploads.github.com www.githubstatus.com collector.githubapp.com api.github.com github-cloud.s3.amazonaws.com github-production-repository-file-5c1aeb.s3.amazonaws.com github-production-upload-manifest-file-7fdce7.s3.amazonaws.com github-production-user-asset-6210df.s3.amazonaws.com cdn.optimizely.com logx.optimizely.com/v1/events wss://alive.github.com; font-src github.githubassets.com; form-action 'self' github.com gist.github.com; frame-ancestors 'none'; frame-src render.githubusercontent.com; img-src 'self' data: github.githubassets.com identicons.github.com collector.githubapp.com github-cloud.s3.amazonaws.com *.githubusercontent.com; manifest-src 'self'; media-src 'none'; script-src github.githubassets.com; style-src 'unsafe-inline' github.githubassets.com; worker-src github.com/socket-worker-5029ae85.js gist.github.com/socket-worker-5029ae85.js","x-github-request-id":"6B72:4597:31E7024:46E41B0:601252AA"}
[debug] [2021-01-28T05:59:06.550Z] >>> [apiv2][query] GET https://api.github.com/user [none]
[debug] [2021-01-28T05:59:07.041Z] <<< [apiv2][status] GET https://api.github.com/user 200
[debug] [2021-01-28T05:59:07.042Z] <<< [apiv2][body] GET https://api.github.com/user {"login":"carlosmgy78","id":78133167,"node_id":"MDQ6VXNlcjc4MTMzMTY3","avatar_url":"https://avatars.githubusercontent.com/u/78133167?v=4","gravatar_id":"","url":"https://api.github.com/users/carlosmgy78","html_url":"https://github.com/carlosmgy78","followers_url":"https://api.github.com/users/carlosmgy78/followers","following_url":"https://api.github.com/users/carlosmgy78/following{/other_user}","gists_url":"https://api.github.com/users/carlosmgy78/gists{/gist_id}","starred_url":"https://api.github.com/users/carlosmgy78/starred{/owner}{/repo}","subscriptions_url":"https://api.github.com/users/carlosmgy78/subscriptions","organizations_url":"https://api.github.com/users/carlosmgy78/orgs","repos_url":"https://api.github.com/users/carlosmgy78/repos","events_url":"https://api.github.com/users/carlosmgy78/events{/privacy}","received_events_url":"https://api.github.com/users/carlosmgy78/received_events","type":"User","site_admin":false,"name":null,"company":null,"blog":"","location":null,"email":null,"hireable":null,"bio":null,"twitter_username":null,"public_repos":0,"public_gists":0,"followers":0,"following":0,"created_at":"2021-01-28T05:34:05Z","updated_at":"2021-01-28T05:34:06Z","private_gists":0,"total_private_repos":0,"owned_private_repos":0,"disk_usage":0,"collaborators":0,"two_factor_authentication":false,"plan":{"name":"free","space":976562499,"collaborators":0,"private_repos":10000}}
[info] 
[info] +  Success! Logged into GitHub as carlosmgy78 
[info] 
[debug] [2021-01-28T06:00:48.236Z] >>> [apiv2][query] GET https://api.github.com/repos/firebase deploy/actions/secrets/public-key type=owner
[debug] [2021-01-28T06:00:48.595Z] <<< [apiv2][status] GET https://api.github.com/repos/firebase deploy/actions/secrets/public-key 404
[debug] [2021-01-28T06:00:48.597Z] <<< [apiv2][body] GET https://api.github.com/repos/firebase deploy/actions/secrets/public-key {"message":"Not Found","documentation_url":"https://docs.github.com/rest"}
[debug] [2021-01-28T06:14:24.949Z] >>> [apiv2][query] GET https://api.github.com/repos/firebase deploy/actions/secrets/public-key type=owner
[debug] [2021-01-28T06:14:25.293Z] <<< [apiv2][status] GET https://api.github.com/repos/firebase deploy/actions/secrets/public-key 404
[debug] [2021-01-28T06:14:25.295Z] <<< [apiv2][body] GET https://api.github.com/repos/firebase deploy/actions/secrets/public-key {"message":"Not Found","documentation_url":"https://docs.github.com/rest"}
[debug] [2021-01-28T06:28:15.182Z] >>> [apiv2][query] GET https://api.github.com/repos/exit/actions/secrets/public-key type=owner
[debug] [2021-01-28T06:28:15.545Z] <<< [apiv2][status] GET https://api.github.com/repos/exit/actions/secrets/public-key 404
[debug] [2021-01-28T06:28:15.546Z] <<< [apiv2][body] GET https://api.github.com/repos/exit/actions/secrets/public-key {"message":"Not Found","documentation_url":"https://docs.github.com/rest"}
[debug] [2021-01-28T06:41:49.989Z] >>> [apiv2][query] GET https://api.github.com/repos/open/actions/secrets/public-key type=owner
[debug] [2021-01-28T06:41:50.324Z] <<< [apiv2][status] GET https://api.github.com/repos/open/actions/secrets/public-key 404
[debug] [2021-01-28T06:41:50.326Z] <<< [apiv2][body] GET https://api.github.com/repos/open/actions/secrets/public-key {"message":"Not Found","documentation_url":"https://docs.github.com/rest"}
[debug] [2021-01-28T06:42:31.624Z] >>> [apiv2][query] GET https://api.github.com/repos/ng build/actions/secrets/public-key type=owner
[debug] [2021-01-28T06:42:31.888Z] <<< [apiv2][status] GET https://api.github.com/repos/ng build/actions/secrets/public-key 404
[debug] [2021-01-28T06:42:31.890Z] <<< [apiv2][body] GET https://api.github.com/repos/ng build/actions/secrets/public-key {"message":"Not Found","documentation_url":"https://docs.github.com/rest"}
